[35m[Appium][39m Welcome to Appium v1.22.3
[35m[Appium][39m Non-default server args:
[35m[Appium][39m   port: 49699
[35m[Appium][39m   loglevel: info
[35m[Appium][39m   tmpDir: /var/folders/d_/wh5_xn1931sd2hkj391jnpv80000gp/T//Katalon/Appium/Temp1663062834051
[35m[Appium][39m   chromedriverPort: 49701
[35m[Appium][39m Deprecated server args:
[35m[Appium][39m   [31m--chromedriver-port[39m => --default-capabilities
[35m[Appium][39m Default capabilities, which will be added to each request unless overridden by desired capabilities:
[35m[Appium][39m   chromedriverPort: 49701
[35m[Appium][39m Appium REST http interface listener started on 0.0.0.0:49699
[35m[HTTP][39m [37m-->[39m [37mGET[39m [37m/wd/hub/status[39m
[35m[HTTP][39m [90m{}[39m
[35m[HTTP][39m [37m<-- GET /wd/hub/status [39m[32m200[39m [90m4 ms - 68[39m
[35m[HTTP][39m [90m[39m
[35m[HTTP][39m [37m-->[39m [37mPOST[39m [37m/wd/hub/session[39m
[35m[HTTP][39m [90m{"desiredCapabilities":{"app":"/Users/ahmadilham/Downloads/v1.23.0-minApi19-uat.apk","noReset":false,"deviceName":"emulator-5554 (sdk_gphone_arm64 - Android 11)","fullReset":true,"platform":"ANDROID","newCommandTimeout":1800,"platformVersion":"11","automationName":"uiautomator2","autoGrantPermissions":true,"platformName":"Android","udid":"emulator-5554","systemPort":49698},"capabilities":{"firstMatch":[{"appium:app":"/Users/ahmadilham/Downloads/v1.23.0-minApi19-uat.apk","appium:autoGrantPermissions":true,"appium:automationName":"uiautomator2","appium:deviceName":"emulator-5554 (sdk_gphone_arm64 - Android 11)","appium:fullReset":true,"appium:newCommandTimeout":1800,"appium:noReset":false,"platform":"ANDROID","platformName":"android","appium:platformVersion":"11","appium:systemPort":49698,"appium:udid":"emulator-5554"}]}}[39m
[35m[BaseDriver][39m The following capabilities are not standard capabilities and should have an extension prefix:
[35m[BaseDriver][39m   platform
[35m[BaseDriver][39m   chromedriverPort
[35m[Appium][39m Appium v1.22.3 creating new AndroidUiautomator2Driver (v1.70.1) session
[35m[BaseDriver][39m The following capabilities were provided, but are not recognized by Appium:
[35m[BaseDriver][39m   platform
[35m[BaseDriver][39m Session created with session id: 10040936-7a8d-465d-b0cc-d6d5cc3fd541
[35m[BaseDriver][39m Using local app '/Users/ahmadilham/Downloads/v1.23.0-minApi19-uat.apk'
[35m[ADB][39m Found 1 'build-tools' folders under '/Users/ahmadilham/.katalon/tools/android_sdk' (newest first):
[35m[ADB][39m     /Users/ahmadilham/.katalon/tools/android_sdk/build-tools/29.0.3
[35m[ADB][39m Using 'adb' from '/Users/ahmadilham/.katalon/tools/android_sdk/platform-tools/adb'
[35m[AndroidDriver][39m Retrieving device list
[35m[AndroidDriver][39m Using device: emulator-5554
[35m[ADB][39m Using 'adb' from '/Users/ahmadilham/.katalon/tools/android_sdk/platform-tools/adb'
[35m[ADB][39m Getting device platform version
[35m[UiAutomator2][39m Relaxing hidden api policy
[35m[ADB][39m Package name: 'com.amarthaplus.amarthabeyond.uat'
[35m[ADB][39m Main activity name: 'com.amarthaplus.amarthabeyond.feature.splash.view.SplashActivity'
[35m[ADB][39m Using 'apksigner.jar' from '/Users/ahmadilham/.katalon/tools/android_sdk/build-tools/29.0.3/lib/apksigner.jar'
[35m[ADB][39m '/opt/homebrew/lib/node_modules/appium/node_modules/appium-uiautomator2-server/apks/appium-uiautomator2-server-v4.27.0.apk' is signed with the default certificate
[35m[ADB][39m '/opt/homebrew/lib/node_modules/appium/node_modules/appium-uiautomator2-server/apks/appium-uiautomator2-server-debug-androidTest.apk' is signed with the default certificate
[35m[UiAutomator2][39m Server packages are not going to be (re)installed
[35m[ADB][39m Adding packages ["io.appium.settings","io.appium.uiautomator2.server","io.appium.uiautomator2.server.test"] to Doze whitelist
[35m[ADB][39m '/Users/ahmadilham/Downloads/v1.23.0-minApi19-uat.apk' is signed with a non-default certificate
[35m[ADB][39m com.amarthaplus.amarthabeyond.uat was successfully uninstalled
[35m[ADB][39m The application at '/Users/ahmadilham/Downloads/v1.23.0-minApi19-uat.apk' will not be cached, because the device under test has confirmed the support of streamed installs
[35m[ADB][39m The installation of 'v1.23.0-minApi19-uat.apk' took 2894ms
[35m[UiAutomator2][39m Starting UIAutomator2 server 4.27.0
[35m[UiAutomator2][39m Using UIAutomator2 server from '/opt/homebrew/lib/node_modules/appium/node_modules/appium-uiautomator2-server/apks/appium-uiautomator2-server-v4.27.0.apk' and test from '/opt/homebrew/lib/node_modules/appium/node_modules/appium-uiautomator2-server/apks/appium-uiautomator2-server-debug-androidTest.apk'
[35m[UiAutomator2][39m Waiting up to 30000ms for UiAutomator2 to be online...
[35m[WD Proxy][39m socket hang up
[35m[WD Proxy][39m socket hang up
[35m[WD Proxy][39m socket hang up
[35m[WD Proxy][39m socket hang up
[35m[WD Proxy][39m socket hang up
[35m[WD Proxy][39m socket hang up
[35m[WD Proxy][39m socket hang up
[35m[WD Proxy][39m socket hang up
[35m[WD Proxy][39m socket hang up
[35m[WD Proxy][39m socket hang up
[35m[WD Proxy][39m socket hang up
[35m[WD Proxy][39m socket hang up
[35m[WD Proxy][39m socket hang up
[35m[WD Proxy][39m socket hang up
[35m[WD Proxy][39m Determined the downstream protocol as 'W3C'
[35m[AndroidDriver][39m Screen already unlocked, doing nothing
[35m[UiAutomator2][39m Starting 'com.amarthaplus.amarthabeyond.uat/com.amarthaplus.amarthabeyond.feature.splash.view.SplashActivity and waiting for 'com.amarthaplus.amarthabeyond.uat/com.amarthaplus.amarthabeyond.feature.splash.view.SplashActivity'
[35m[Appium][39m New AndroidUiautomator2Driver session created successfully, session 10040936-7a8d-465d-b0cc-d6d5cc3fd541 added to master session list
[35m[HTTP][39m [37m<-- POST /wd/hub/session [39m[32m200[39m [90m44812 ms - 1304[39m
[35m[HTTP][39m [90m[39m
[35m[HTTP][39m [37m-->[39m [37mGET[39m [37m/wd/hub/session/10040936-7a8d-465d-b0cc-d6d5cc3fd541[39m
[35m[HTTP][39m [90m{}[39m
[35m[HTTP][39m [37m<-- GET /wd/hub/session/10040936-7a8d-465d-b0cc-d6d5cc3fd541 [39m[32m200[39m [90m89 ms - 1258[39m
[35m[HTTP][39m [90m[39m
[35m[HTTP][39m [37m-->[39m [37mGET[39m [37m/wd/hub/session/10040936-7a8d-465d-b0cc-d6d5cc3fd541[39m
[35m[HTTP][39m [90m{}[39m
[35m[HTTP][39m [37m<-- GET /wd/hub/session/10040936-7a8d-465d-b0cc-d6d5cc3fd541 [39m[32m200[39m [90m91 ms - 1258[39m
[35m[HTTP][39m [90m[39m
[35m[HTTP][39m [37m-->[39m [37mGET[39m [37m/wd/hub/status[39m
[35m[HTTP][39m [90m{}[39m
[35m[HTTP][39m [37m<-- GET /wd/hub/status [39m[32m200[39m [90m73 ms - 68[39m
[35m[HTTP][39m [90m[39m
[35m[HTTP][39m [37m-->[39m [37mPOST[39m [37m/wd/hub/session/10040936-7a8d-465d-b0cc-d6d5cc3fd541/timeouts[39m
[35m[HTTP][39m [90m{"implicit":30000}[39m
[35m[HTTP][39m [37m<-- POST /wd/hub/session/10040936-7a8d-465d-b0cc-d6d5cc3fd541/timeouts [39m[32m200[39m [90m7 ms - 14[39m
[35m[HTTP][39m [90m[39m
[35m[HTTP][39m [37m-->[39m [37mGET[39m [37m/wd/hub/session/10040936-7a8d-465d-b0cc-d6d5cc3fd541/screenshot[39m
[35m[HTTP][39m [90m{}[39m
[35m[HTTP][39m [37m<-- GET /wd/hub/session/10040936-7a8d-465d-b0cc-d6d5cc3fd541/screenshot [39m[32m200[39m [90m1149 ms - 182922[39m
[35m[HTTP][39m [90m[39m
[35m[HTTP][39m [37m-->[39m [37mGET[39m [37m/wd/hub/session/10040936-7a8d-465d-b0cc-d6d5cc3fd541/window/rect[39m
[35m[HTTP][39m [90m{}[39m
[35m[HTTP][39m [37m<-- GET /wd/hub/session/10040936-7a8d-465d-b0cc-d6d5cc3fd541/window/rect [39m[32m200[39m [90m32 ms - 50[39m
[35m[HTTP][39m [90m[39m
[35m[HTTP][39m [37m-->[39m [37mGET[39m [37m/wd/hub/session/10040936-7a8d-465d-b0cc-d6d5cc3fd541/appium/device/system_bars[39m
[35m[HTTP][39m [90m{}[39m
[35m[HTTP][39m [37m<-- GET /wd/hub/session/10040936-7a8d-465d-b0cc-d6d5cc3fd541/appium/device/system_bars [39m[32m200[39m [90m102 ms - 148[39m
[35m[HTTP][39m [90m[39m
[35m[HTTP][39m [37m-->[39m [37mPOST[39m [37m/wd/hub/session/10040936-7a8d-465d-b0cc-d6d5cc3fd541/element[39m
[35m[HTTP][39m [90m{"using":"id","value":"com.amarthaplus.amarthabeyond.uat:id/btn_next"}[39m
[35m[HTTP][39m [37m<-- POST /wd/hub/session/10040936-7a8d-465d-b0cc-d6d5cc3fd541/element [39m[32m200[39m [90m460 ms - 137[39m
[35m[HTTP][39m [90m[39m
[35m[HTTP][39m [37m-->[39m [37mPOST[39m [37m/wd/hub/session/10040936-7a8d-465d-b0cc-d6d5cc3fd541/element/00000000-0000-00cb-ffff-ffff00000024/click[39m
[35m[HTTP][39m [90m{"id":"00000000-0000-00cb-ffff-ffff00000024"}[39m
[35m[HTTP][39m [37m<-- POST /wd/hub/session/10040936-7a8d-465d-b0cc-d6d5cc3fd541/element/00000000-0000-00cb-ffff-ffff00000024/click [39m[32m200[39m [90m76 ms - 14[39m
[35m[HTTP][39m [90m[39m
[35m[HTTP][39m [37m-->[39m [37mPOST[39m [37m/wd/hub/session/10040936-7a8d-465d-b0cc-d6d5cc3fd541/element[39m
[35m[HTTP][39m [90m{"using":"id","value":"com.amarthaplus.amarthabeyond.uat:id/btn_next"}[39m
[35m[HTTP][39m [37m<-- POST /wd/hub/session/10040936-7a8d-465d-b0cc-d6d5cc3fd541/element [39m[32m200[39m [90m340 ms - 137[39m
[35m[HTTP][39m [90m[39m
[35m[HTTP][39m [37m-->[39m [37mGET[39m [37m/wd/hub/session/10040936-7a8d-465d-b0cc-d6d5cc3fd541/element/00000000-0000-00cb-ffff-ffff00000030/displayed[39m
[35m[HTTP][39m [90m{}[39m
[35m[HTTP][39m [37m<-- GET /wd/hub/session/10040936-7a8d-465d-b0cc-d6d5cc3fd541/element/00000000-0000-00cb-ffff-ffff00000030/displayed [39m[32m200[39m [90m470 ms - 14[39m
[35m[HTTP][39m [90m[39m
[35m[HTTP][39m [37m-->[39m [37mGET[39m [37m/wd/hub/session/10040936-7a8d-465d-b0cc-d6d5cc3fd541/element/00000000-0000-00cb-ffff-ffff00000030/enabled[39m
[35m[HTTP][39m [90m{}[39m
[35m[HTTP][39m [37m<-- GET /wd/hub/session/10040936-7a8d-465d-b0cc-d6d5cc3fd541/element/00000000-0000-00cb-ffff-ffff00000030/enabled [39m[32m200[39m [90m5 ms - 14[39m
[35m[HTTP][39m [90m[39m
[35m[HTTP][39m [37m-->[39m [37mPOST[39m [37m/wd/hub/session/10040936-7a8d-465d-b0cc-d6d5cc3fd541/element[39m
[35m[HTTP][39m [90m{"using":"id","value":"com.amarthaplus.amarthabeyond.uat:id/btn_next"}[39m
[35m[HTTP][39m [37m<-- POST /wd/hub/session/10040936-7a8d-465d-b0cc-d6d5cc3fd541/element [39m[32m200[39m [90m15 ms - 137[39m
[35m[HTTP][39m [90m[39m
[35m[HTTP][39m [37m-->[39m [37mPOST[39m [37m/wd/hub/session/10040936-7a8d-465d-b0cc-d6d5cc3fd541/element/00000000-0000-00cb-ffff-ffff00000030/click[39m
[35m[HTTP][39m [90m{"id":"00000000-0000-00cb-ffff-ffff00000030"}[39m
[35m[HTTP][39m [37m<-- POST /wd/hub/session/10040936-7a8d-465d-b0cc-d6d5cc3fd541/element/00000000-0000-00cb-ffff-ffff00000030/click [39m[32m200[39m [90m785 ms - 14[39m
[35m[HTTP][39m [90m[39m
[35m[HTTP][39m [37m-->[39m [37mPOST[39m [37m/wd/hub/session/10040936-7a8d-465d-b0cc-d6d5cc3fd541/element[39m
[35m[HTTP][39m [90m{"using":"id","value":"com.amarthaplus.amarthabeyond.uat:id/btn_start"}[39m
[35m[HTTP][39m [37m<-- POST /wd/hub/session/10040936-7a8d-465d-b0cc-d6d5cc3fd541/element [39m[32m200[39m [90m11 ms - 137[39m
[35m[HTTP][39m [90m[39m
[35m[HTTP][39m [37m-->[39m [37mPOST[39m [37m/wd/hub/session/10040936-7a8d-465d-b0cc-d6d5cc3fd541/element/00000000-0000-00cb-ffff-ffff0000003b/click[39m
[35m[HTTP][39m [90m{"id":"00000000-0000-00cb-ffff-ffff0000003b"}[39m
[35m[HTTP][39m [37m<-- POST /wd/hub/session/10040936-7a8d-465d-b0cc-d6d5cc3fd541/element/00000000-0000-00cb-ffff-ffff0000003b/click [39m[32m200[39m [90m57 ms - 14[39m
[35m[HTTP][39m [90m[39m
[35m[HTTP][39m [37m-->[39m [37mPOST[39m [37m/wd/hub/session/10040936-7a8d-465d-b0cc-d6d5cc3fd541/element[39m
[35m[HTTP][39m [90m{"using":"id","value":"com.amarthaplus.amarthabeyond.uat:id/textView_onboarding_login"}[39m
[35m[WD Proxy][39m Got response with status 404: {"sessionId":"77905ca2-4459-4410-863a-166cafcffa67","value":{"error":"no such element","message":"An element could not be located on the page using the given search parameters","stacktrace":"io.appium.uiautomator2.common.exceptions.ElementNotFoundException: An element could not be located on the page using the given search parameters\n\tat io.appium.uiautomator2.handler.FindElement.safeHandle(FindElement.java:70)\n\tat io.appium.uiautomator2.handler.request.SafeRequestHandler.handle(SafeRequestHandler.java:59)\n\tat io.appium.uiautomator2.server.AppiumServlet.handleRequest(AppiumServlet.java:266)\n\tat io.appium.uiautomator2.server.AppiumServlet.handleHttpRequest(AppiumServlet.java:260)\n\tat io.appium.uiautomator2.http.ServerHandler.channelRead(ServerHandler.java:68)\n\tat io.netty.channel.AbstractChannelHandlerContext.invokeChannelRead(AbstractChannelHandlerContext.java:366)\n\tat io.netty.channel.AbstractChannelHandlerContext.invokeChannelRead(AbstractChannelHandlerContext.java:352)\n\tat io.netty.chann...
[35m[HTTP][39m [37m<-- POST /wd/hub/session/10040936-7a8d-465d-b0cc-d6d5cc3fd541/element [39m[32m200[39m [90m1463 ms - 137[39m
[35m[HTTP][39m [90m[39m
[35m[HTTP][39m [37m-->[39m [37mPOST[39m [37m/wd/hub/session/10040936-7a8d-465d-b0cc-d6d5cc3fd541/element/00000000-0000-00cd-ffff-ffff00000048/click[39m
[35m[HTTP][39m [90m{"id":"00000000-0000-00cd-ffff-ffff00000048"}[39m
[35m[HTTP][39m [37m<-- POST /wd/hub/session/10040936-7a8d-465d-b0cc-d6d5cc3fd541/element/00000000-0000-00cd-ffff-ffff00000048/click [39m[32m200[39m [90m57 ms - 14[39m
[35m[HTTP][39m [90m[39m
[35m[HTTP][39m [37m-->[39m [37mPOST[39m [37m/wd/hub/session/10040936-7a8d-465d-b0cc-d6d5cc3fd541/element[39m
[35m[HTTP][39m [90m{"using":"id","value":"com.amarthaplus.amarthabeyond.uat:id/editText_login_phone_input"}[39m
[35m[WD Proxy][39m Got response with status 404: {"sessionId":"77905ca2-4459-4410-863a-166cafcffa67","value":{"error":"no such element","message":"An element could not be located on the page using the given search parameters","stacktrace":"io.appium.uiautomator2.common.exceptions.ElementNotFoundException: An element could not be located on the page using the given search parameters\n\tat io.appium.uiautomator2.handler.FindElement.safeHandle(FindElement.java:70)\n\tat io.appium.uiautomator2.handler.request.SafeRequestHandler.handle(SafeRequestHandler.java:59)\n\tat io.appium.uiautomator2.server.AppiumServlet.handleRequest(AppiumServlet.java:266)\n\tat io.appium.uiautomator2.server.AppiumServlet.handleHttpRequest(AppiumServlet.java:260)\n\tat io.appium.uiautomator2.http.ServerHandler.channelRead(ServerHandler.java:68)\n\tat io.netty.channel.AbstractChannelHandlerContext.invokeChannelRead(AbstractChannelHandlerContext.java:366)\n\tat io.netty.channel.AbstractChannelHandlerContext.invokeChannelRead(AbstractChannelHandlerContext.java:352)\n\tat io.netty.chann...
[35m[HTTP][39m [37m<-- POST /wd/hub/session/10040936-7a8d-465d-b0cc-d6d5cc3fd541/element [39m[32m200[39m [90m2025 ms - 137[39m
[35m[HTTP][39m [90m[39m
[35m[HTTP][39m [37m-->[39m [37mPOST[39m [37m/wd/hub/session/10040936-7a8d-465d-b0cc-d6d5cc3fd541/element/00000000-0000-00ce-ffff-ffff0000005c/value[39m
[35m[HTTP][39m [90m{"id":"00000000-0000-00ce-ffff-ffff0000005c","text":"081289945245","value":["0","8","1","2","8","9","9","4","5","2","4","5"]}[39m
[35m[HTTP][39m [37m<-- POST /wd/hub/session/10040936-7a8d-465d-b0cc-d6d5cc3fd541/element/00000000-0000-00ce-ffff-ffff0000005c/value [39m[32m200[39m [90m890 ms - 14[39m
[35m[HTTP][39m [90m[39m
[35m[HTTP][39m [37m-->[39m [37mPOST[39m [37m/wd/hub/session/10040936-7a8d-465d-b0cc-d6d5cc3fd541/element[39m
[35m[HTTP][39m [90m{"using":"id","value":"com.amarthaplus.amarthabeyond.uat:id/btn_next"}[39m
[35m[HTTP][39m [37m<-- POST /wd/hub/session/10040936-7a8d-465d-b0cc-d6d5cc3fd541/element [39m[32m200[39m [90m462 ms - 137[39m
[35m[HTTP][39m [90m[39m
[35m[HTTP][39m [37m-->[39m [37mPOST[39m [37m/wd/hub/session/10040936-7a8d-465d-b0cc-d6d5cc3fd541/element/00000000-0000-00ce-ffff-ffff0000005d/click[39m
[35m[HTTP][39m [90m{"id":"00000000-0000-00ce-ffff-ffff0000005d"}[39m
[35m[HTTP][39m [37m<-- POST /wd/hub/session/10040936-7a8d-465d-b0cc-d6d5cc3fd541/element/00000000-0000-00ce-ffff-ffff0000005d/click [39m[32m200[39m [90m189 ms - 14[39m
[35m[HTTP][39m [90m[39m
[35m[HTTP][39m [37m-->[39m [37mGET[39m [37m/wd/hub/status[39m
[35m[HTTP][39m [90m{}[39m
[35m[HTTP][39m [37m<-- GET /wd/hub/status [39m[32m200[39m [90m6 ms - 68[39m
[35m[HTTP][39m [90m[39m
[35m[HTTP][39m [37m-->[39m [37mPOST[39m [37m/wd/hub/session[39m
[35m[HTTP][39m [90m{"desiredCapabilities":{"app":"/Users/ahmadilham/Downloads/v1.23.0-minApi19-uat.apk","noReset":false,"deviceName":"emulator-5554 (sdk_gphone_arm64 - Android 11)","fullReset":true,"platform":"ANDROID","newCommandTimeout":1800,"platformVersion":"11","automationName":"uiautomator2","autoGrantPermissions":true,"platformName":"Android","udid":"emulator-5554","systemPort":49876},"capabilities":{"firstMatch":[{"appium:app":"/Users/ahmadilham/Downloads/v1.23.0-minApi19-uat.apk","appium:autoGrantPermissions":true,"appium:automationName":"uiautomator2","appium:deviceName":"emulator-5554 (sdk_gphone_arm64 - Android 11)","appium:fullReset":true,"appium:newCommandTimeout":1800,"appium:noReset":false,"platform":"ANDROID","platformName":"android","appium:platformVersion":"11","appium:systemPort":49876,"appium:udid":"emulator-5554"}]}}[39m
[35m[BaseDriver][39m The following capabilities are not standard capabilities and should have an extension prefix:
[35m[BaseDriver][39m   platform
[35m[BaseDriver][39m   chromedriverPort
[35m[Appium][39m Appium v1.22.3 creating new AndroidUiautomator2Driver (v1.70.1) session
[35m[BaseDriver][39m The following capabilities were provided, but are not recognized by Appium:
[35m[BaseDriver][39m   platform
[35m[BaseDriver][39m Session created with session id: 93ee2927-a969-4ec6-9c06-4f1a2755b9f4
[35m[BaseDriver][39m Using local app '/Users/ahmadilham/Downloads/v1.23.0-minApi19-uat.apk'
[35m[ADB][39m Using 'adb' from '/Users/ahmadilham/.katalon/tools/android_sdk/platform-tools/adb'
[35m[AndroidDriver][39m Retrieving device list
[35m[AndroidDriver][39m Using device: emulator-5554
[35m[ADB][39m Using 'adb' from '/Users/ahmadilham/.katalon/tools/android_sdk/platform-tools/adb'
[35m[ADB][39m Getting device platform version
[35m[UiAutomator2][39m Relaxing hidden api policy
[35m[ADB][39m Package name: 'com.amarthaplus.amarthabeyond.uat'
[35m[ADB][39m Main activity name: 'com.amarthaplus.amarthabeyond.feature.splash.view.SplashActivity'
[35m[UiAutomator2][39m Server packages are not going to be (re)installed
[35m[ADB][39m Adding packages ["io.appium.settings","io.appium.uiautomator2.server","io.appium.uiautomator2.server.test"] to Doze whitelist
[35m[ADB][39m com.amarthaplus.amarthabeyond.uat was successfully uninstalled
[35m[ADB][39m The application at '/Users/ahmadilham/Downloads/v1.23.0-minApi19-uat.apk' will not be cached, because the device under test has confirmed the support of streamed installs
[35m[ADB][39m The installation of 'v1.23.0-minApi19-uat.apk' took 3132ms
[35m[UiAutomator2][39m Starting UIAutomator2 server 4.27.0
[35m[UiAutomator2][39m Using UIAutomator2 server from '/opt/homebrew/lib/node_modules/appium/node_modules/appium-uiautomator2-server/apks/appium-uiautomator2-server-v4.27.0.apk' and test from '/opt/homebrew/lib/node_modules/appium/node_modules/appium-uiautomator2-server/apks/appium-uiautomator2-server-debug-androidTest.apk'
[35m[UiAutomator2][39m Waiting up to 30000ms for UiAutomator2 to be online...
[35m[WD Proxy][39m Determined the downstream protocol as 'W3C'
[35m[AndroidDriver][39m Screen already unlocked, doing nothing
[35m[UiAutomator2][39m Starting 'com.amarthaplus.amarthabeyond.uat/com.amarthaplus.amarthabeyond.feature.splash.view.SplashActivity and waiting for 'com.amarthaplus.amarthabeyond.uat/com.amarthaplus.amarthabeyond.feature.splash.view.SplashActivity'
[35m[WD Proxy][39m socket hang up
[35m[WD Proxy][39m socket hang up
[35m[UiAutomator2][39m Did not get confirmation UiAutomator2 deleteSession worked; Error was: UnknownError: An unknown server-side error occurred while processing the command. Original error: Could not proxy command to the remote server. Original error: socket hang up
[35m[ADB][39m com.amarthaplus.amarthabeyond.uat was successfully uninstalled
[35m[UiAutomator2][39m Restoring hidden api policy to the device default configuration
[35m[HTTP][39m [37m<-- POST /wd/hub/session [39m[31m500[39m [90m25033 ms - 1211[39m
[35m[HTTP][39m [90m[39m
[35m[HTTP][39m [37m-->[39m [37mGET[39m [37m/wd/hub/status[39m
[35m[HTTP][39m [90m{}[39m
[35m[HTTP][39m [37m<-- GET /wd/hub/status [39m[32m200[39m [90m3 ms - 68[39m
[35m[HTTP][39m [90m[39m
[35m[HTTP][39m [37m-->[39m [37mPOST[39m [37m/wd/hub/session[39m
[35m[HTTP][39m [90m{"desiredCapabilities":{"app":"/Users/ahmadilham/Downloads/v1.23.0-minApi19-uat.apk","noReset":false,"deviceName":"emulator-5554 (sdk_gphone_arm64 - Android 11)","fullReset":true,"platform":"ANDROID","newCommandTimeout":1800,"platformVersion":"11","automationName":"uiautomator2","autoGrantPermissions":true,"platformName":"Android","udid":"emulator-5554","systemPort":50008},"capabilities":{"firstMatch":[{"appium:app":"/Users/ahmadilham/Downloads/v1.23.0-minApi19-uat.apk","appium:autoGrantPermissions":true,"appium:automationName":"uiautomator2","appium:deviceName":"emulator-5554 (sdk_gphone_arm64 - Android 11)","appium:fullReset":true,"appium:newCommandTimeout":1800,"appium:noReset":false,"platform":"ANDROID","platformName":"android","appium:platformVersion":"11","appium:systemPort":50008,"appium:udid":"emulator-5554"}]}}[39m
[35m[BaseDriver][39m The following capabilities are not standard capabilities and should have an extension prefix:
[35m[BaseDriver][39m   platform
[35m[BaseDriver][39m   chromedriverPort
[35m[Appium][39m Appium v1.22.3 creating new AndroidUiautomator2Driver (v1.70.1) session
[35m[BaseDriver][39m The following capabilities were provided, but are not recognized by Appium:
[35m[BaseDriver][39m   platform
[35m[BaseDriver][39m Session created with session id: 3d66286d-9435-4867-916d-6b7c22d9d8f3
[35m[BaseDriver][39m Using local app '/Users/ahmadilham/Downloads/v1.23.0-minApi19-uat.apk'
[35m[ADB][39m Using 'adb' from '/Users/ahmadilham/.katalon/tools/android_sdk/platform-tools/adb'
[35m[AndroidDriver][39m Retrieving device list
[35m[AndroidDriver][39m Using device: emulator-5554
[35m[ADB][39m Using 'adb' from '/Users/ahmadilham/.katalon/tools/android_sdk/platform-tools/adb'
[35m[ADB][39m Getting device platform version
[35m[UiAutomator2][39m Relaxing hidden api policy
[35m[ADB][39m Package name: 'com.amarthaplus.amarthabeyond.uat'
[35m[ADB][39m Main activity name: 'com.amarthaplus.amarthabeyond.feature.splash.view.SplashActivity'
[35m[UiAutomator2][39m Server packages are not going to be (re)installed
[35m[ADB][39m Adding packages ["io.appium.settings","io.appium.uiautomator2.server","io.appium.uiautomator2.server.test"] to Doze whitelist
[35m[ADB][39m com.amarthaplus.amarthabeyond.uat was not uninstalled, because it was not present on the device
[35m[ADB][39m The application at '/Users/ahmadilham/Downloads/v1.23.0-minApi19-uat.apk' will not be cached, because the device under test has confirmed the support of streamed installs
[35m[ADB][39m The installation of 'v1.23.0-minApi19-uat.apk' took 1035ms
[35m[UiAutomator2][39m Starting UIAutomator2 server 4.27.0
[35m[UiAutomator2][39m Using UIAutomator2 server from '/opt/homebrew/lib/node_modules/appium/node_modules/appium-uiautomator2-server/apks/appium-uiautomator2-server-v4.27.0.apk' and test from '/opt/homebrew/lib/node_modules/appium/node_modules/appium-uiautomator2-server/apks/appium-uiautomator2-server-debug-androidTest.apk'
[35m[UiAutomator2][39m Waiting up to 30000ms for UiAutomator2 to be online...
[35m[WD Proxy][39m Determined the downstream protocol as 'W3C'
[35m[AndroidDriver][39m Screen already unlocked, doing nothing
[35m[UiAutomator2][39m Starting 'com.amarthaplus.amarthabeyond.uat/com.amarthaplus.amarthabeyond.feature.splash.view.SplashActivity and waiting for 'com.amarthaplus.amarthabeyond.uat/com.amarthaplus.amarthabeyond.feature.splash.view.SplashActivity'
[35m[WD Proxy][39m socket hang up
[35m[WD Proxy][39m socket hang up
[35m[UiAutomator2][39m Did not get confirmation UiAutomator2 deleteSession worked; Error was: UnknownError: An unknown server-side error occurred while processing the command. Original error: Could not proxy command to the remote server. Original error: socket hang up
[35m[ADB][39m com.amarthaplus.amarthabeyond.uat was successfully uninstalled
[35m[UiAutomator2][39m Restoring hidden api policy to the device default configuration
[35m[HTTP][39m [37m<-- POST /wd/hub/session [39m[31m500[39m [90m11382 ms - 1211[39m
[35m[HTTP][39m [90m[39m
[35m[HTTP][39m [37m-->[39m [37mGET[39m [37m/wd/hub/status[39m
[35m[HTTP][39m [90m{}[39m
[35m[HTTP][39m [37m<-- GET /wd/hub/status [39m[32m200[39m [90m1 ms - 68[39m
[35m[HTTP][39m [90m[39m
[35m[HTTP][39m [37m-->[39m [37mPOST[39m [37m/wd/hub/session[39m
[35m[HTTP][39m [90m{"desiredCapabilities":{"app":"/Users/ahmadilham/Downloads/v1.23.0-minApi19-uat.apk","noReset":false,"deviceName":"emulator-5554 (sdk_gphone_arm64 - Android 11)","fullReset":true,"platform":"ANDROID","newCommandTimeout":1800,"platformVersion":"11","automationName":"uiautomator2","autoGrantPermissions":true,"platformName":"Android","udid":"emulator-5554","systemPort":50123},"capabilities":{"firstMatch":[{"appium:app":"/Users/ahmadilham/Downloads/v1.23.0-minApi19-uat.apk","appium:autoGrantPermissions":true,"appium:automationName":"uiautomator2","appium:deviceName":"emulator-5554 (sdk_gphone_arm64 - Android 11)","appium:fullReset":true,"appium:newCommandTimeout":1800,"appium:noReset":false,"platform":"ANDROID","platformName":"android","appium:platformVersion":"11","appium:systemPort":50123,"appium:udid":"emulator-5554"}]}}[39m
[35m[BaseDriver][39m The following capabilities are not standard capabilities and should have an extension prefix:
[35m[BaseDriver][39m   platform
[35m[BaseDriver][39m   chromedriverPort
[35m[Appium][39m Appium v1.22.3 creating new AndroidUiautomator2Driver (v1.70.1) session
[35m[BaseDriver][39m The following capabilities were provided, but are not recognized by Appium:
[35m[BaseDriver][39m   platform
[35m[BaseDriver][39m Session created with session id: 65e5455b-2c00-4f50-bba1-1825eb1f7111
[35m[BaseDriver][39m Using local app '/Users/ahmadilham/Downloads/v1.23.0-minApi19-uat.apk'
[35m[ADB][39m Using 'adb' from '/Users/ahmadilham/.katalon/tools/android_sdk/platform-tools/adb'
[35m[AndroidDriver][39m Retrieving device list
[35m[AndroidDriver][39m Using device: emulator-5554
[35m[ADB][39m Using 'adb' from '/Users/ahmadilham/.katalon/tools/android_sdk/platform-tools/adb'
[35m[ADB][39m Getting device platform version
[35m[UiAutomator2][39m Relaxing hidden api policy
[35m[ADB][39m Package name: 'com.amarthaplus.amarthabeyond.uat'
[35m[ADB][39m Main activity name: 'com.amarthaplus.amarthabeyond.feature.splash.view.SplashActivity'
[35m[UiAutomator2][39m Server packages are not going to be (re)installed
[35m[ADB][39m Adding packages ["io.appium.settings","io.appium.uiautomator2.server","io.appium.uiautomator2.server.test"] to Doze whitelist
[35m[ADB][39m com.amarthaplus.amarthabeyond.uat was not uninstalled, because it was not present on the device
[35m[ADB][39m The application at '/Users/ahmadilham/Downloads/v1.23.0-minApi19-uat.apk' will not be cached, because the device under test has confirmed the support of streamed installs
[35m[ADB][39m The installation of 'v1.23.0-minApi19-uat.apk' took 915ms
[35m[UiAutomator2][39m Starting UIAutomator2 server 4.27.0
[35m[UiAutomator2][39m Using UIAutomator2 server from '/opt/homebrew/lib/node_modules/appium/node_modules/appium-uiautomator2-server/apks/appium-uiautomator2-server-v4.27.0.apk' and test from '/opt/homebrew/lib/node_modules/appium/node_modules/appium-uiautomator2-server/apks/appium-uiautomator2-server-debug-androidTest.apk'
[35m[UiAutomator2][39m Waiting up to 30000ms for UiAutomator2 to be online...
[35m[WD Proxy][39m Determined the downstream protocol as 'W3C'
[35m[AndroidDriver][39m Screen already unlocked, doing nothing
[35m[UiAutomator2][39m Starting 'com.amarthaplus.amarthabeyond.uat/com.amarthaplus.amarthabeyond.feature.splash.view.SplashActivity and waiting for 'com.amarthaplus.amarthabeyond.uat/com.amarthaplus.amarthabeyond.feature.splash.view.SplashActivity'
[35m[WD Proxy][39m Got response with status 404: {"sessionId":"43d51a8f-58b0-4c50-a67f-1be82f3236e0","value":{"error":"invalid session id","message":"The session identified by 43d51a8f-58b0-4c50-a67f-1be82f3236e0 is not known","stacktrace":"io.appium.uiautomator2.common.exceptions.NoSuchDriverException: The session identified by 43d51a8f-58b0-4c50-a67f-1be82f3236e0 is not known\n\tat io.appium.uiautomator2.handler.request.SafeRequestHandler.handle(SafeRequestHandler.java:54)\n\tat io.appium.uiautomator2.server.AppiumServlet.handleRequest(AppiumServlet.java:266)\n\tat io.appium.uiautomator2.server.AppiumServlet.handleHttpRequest(AppiumServlet.java:260)\n\tat io.appium.uiautomator2.http.ServerHandler.channelRead(ServerHandler.java:68)\n\tat io.netty.channel.AbstractChannelHandlerContext.invokeChannelRead(AbstractChannelHandlerContext.java:366)\n\tat io.netty.channel.AbstractChannelHandlerContext.invokeChannelRead(AbstractChannelHandlerContext.java:352)\n\tat io.netty.channel.AbstractChannelHandlerContext.fireChannelRead(AbstractChannelHandlerContext.java:3...
[35m[WD Proxy][39m Got response with status 404: {"sessionId":"43d51a8f-58b0-4c50-a67f-1be82f3236e0","value":{"error":"invalid session id","message":"The session identified by 43d51a8f-58b0-4c50-a67f-1be82f3236e0 is not known","stacktrace":"io.appium.uiautomator2.common.exceptions.NoSuchDriverException: The session identified by 43d51a8f-58b0-4c50-a67f-1be82f3236e0 is not known\n\tat io.appium.uiautomator2.handler.request.SafeRequestHandler.handle(SafeRequestHandler.java:54)\n\tat io.appium.uiautomator2.server.AppiumServlet.handleRequest(AppiumServlet.java:266)\n\tat io.appium.uiautomator2.server.AppiumServlet.handleHttpRequest(AppiumServlet.java:260)\n\tat io.appium.uiautomator2.http.ServerHandler.channelRead(ServerHandler.java:68)\n\tat io.netty.channel.AbstractChannelHandlerContext.invokeChannelRead(AbstractChannelHandlerContext.java:366)\n\tat io.netty.channel.AbstractChannelHandlerContext.invokeChannelRead(AbstractChannelHandlerContext.java:352)\n\tat io.netty.channel.AbstractChannelHandlerContext.fireChannelRead(AbstractChannelHandlerContext.java:3...
[35m[UiAutomator2][39m Did not get confirmation UiAutomator2 deleteSession worked; Error was: NoSuchDriverError: The session identified by 43d51a8f-58b0-4c50-a67f-1be82f3236e0 is not known
[35m[ADB][39m com.amarthaplus.amarthabeyond.uat was successfully uninstalled
[35m[UiAutomator2][39m Restoring hidden api policy to the device default configuration
[35m[HTTP][39m [37m<-- POST /wd/hub/session [39m[33m404[39m [90m9155 ms - 3691[39m
[35m[HTTP][39m [90m[39m
